C:\Users\Matt\Documents\GitHub\MIW_AutoFit\autofit
Thing1 Thing 2 Thing 
 3 Thing 	 4
GUI Width >1440<
GUI Height >810<
GUI X >0<
GUI Y >0<
Fit-type >Procedural<
Procedural depth >4<
Excel X-Range >A3:A18<
Excel Y-Range >B3:B18<
Excel SigmaX-Range ><
Excel SigmaY-Range ><
Data location >C:/Users/Matt/Documents/GitHub/MIW_AutoFit/autofit/data<
Background Colour >Default<
Data and Axis Colour >Default<
Fit Line Colour >Default<
Console Colour >Default<
Printout Colour >Default<
Procedural cos(x) >0<
Procedural sin(x) >1<
Procedural exp(x) >1<
Procedural log(x) >0<
Procedural 1/x >0<
Procedural custom >0<
Custom function names ><
Custom function forms ><
Manual function name >ManualEntryFunc<
Manual function form >sin(pow1)<
OS Scaling >1.00<
Image R >1.000<
Refit on Click: >1<
Criterion: >rchisqr<
Fine width 1440 2240.0
Fine height 810 1260.0
Created frame .!frame2.!frame.!label
Package directory is C:\Users\Matt\Documents\GitHub\MIW_AutoFit\autofit with MEIPASS=False
Data directory is C:\Users\Matt\Documents\GitHub\MIW_AutoFit\autofit/data
