> Welcome to MIW's AutoFit!
  Directory is C:\Users\Matt\Documents\GitHub\MIW_AutoFit\autofit
Package directory is C:\Users\Matt\Documents\GitHub\MIW_AutoFit\autofit with MEIPASS=False
Data directory is C:\Users\Matt\Documents\GitHub\MIW_AutoFit\autofit/data
> Welcome to MIW's AutoFit!
  Directory is C:\Users\Matt\Documents\GitHub\MIW_AutoFit\autofit
Package directory is C:\Users\Matt\Documents\GitHub\MIW_AutoFit\autofit with MEIPASS=False
Data directory is C:\Users\Matt\Documents\GitHub\MIW_AutoFit\autofit/data
> Welcome to MIW's AutoFit!
  Directory is C:\Users\Matt\Documents\GitHub\MIW_AutoFit\autofit
Package directory is C:\Users\Matt\Documents\GitHub\MIW_AutoFit\autofit with MEIPASS=False
Data directory is C:\Users\Matt\Documents\GitHub\MIW_AutoFit\autofit/data

 
> For binormal.csv 


>  Polynomial fit is y = Câ‚‚xÂ²+Câ‚xÂ¹+Câ‚€
   where the constants are
   Câ‚‚ = -4.45E-01  Â±  +3.84E-02

   Câ‚ = +9.50E+00  Â±  +7.25E-01

   Câ‚€ = -1.54E+01  Â±  +2.41E+00
  Goodness of fit: ð›˜Â²/dof = 9.15

> Welcome to MIW's AutoFit!
  Directory is C:\Users\Matt\Documents\GitHub\MIW_AutoFit\autofit
Package directory is C:\Users\Matt\Documents\GitHub\MIW_AutoFit\autofit with MEIPASS=False
Data directory is C:\Users\Matt\Documents\GitHub\MIW_AutoFit\autofit/data
> Welcome to MIW's AutoFit!
  Directory is C:\Users\Matt\Documents\GitHub\MIW_AutoFit\autofit
Package directory is C:\Users\Matt\Documents\GitHub\MIW_AutoFit\autofit with MEIPASS=False
Data directory is C:\Users\Matt\Documents\GitHub\MIW_AutoFit\autofit/data
> Welcome to MIW's AutoFit!
  Directory is C:\Users\Matt\Documents\GitHub\MIW_AutoFit\autofit
Package directory is C:\Users\Matt\Documents\GitHub\MIW_AutoFit\autofit with MEIPASS=False
Data directory is C:\Users\Matt\Documents\GitHub\MIW_AutoFit\autofit/data

 
> Fitting to procedural model -- expecting to generate ~687 naive models.
   Stage 0/3:          0 naive models generated,          0 models fit.

 
> For large_x_small_y.csv 


> Selected model is y = pow1(x) w/ 1 dof and where
  c0 =  +3.41E-07  Â±  9.95E-08

 
  This has ð›˜Â²/dof = 0.32, and as a tree, this is 
+1.00E+00sum_       ~ +3.41E-07pow1      


> Welcome to MIW's AutoFit!
  Directory is C:\Users\Matt\Documents\GitHub\MIW_AutoFit\autofit
Package directory is C:\Users\Matt\Documents\GitHub\MIW_AutoFit\autofit with MEIPASS=False
Data directory is C:\Users\Matt\Documents\GitHub\MIW_AutoFit\autofit/data

 
> Fitting to procedural model -- expecting to generate ~687 naive models.
   Stage 0/3:          0 naive models generated,          0 models fit.

 
> For large_x_small_y.csv 


> Selected model is y = pow1(x) w/ 1 dof and where
  c0 =  +3.41E-07  Â±  9.95E-08

 
  This has ð›˜Â²/dof = 0.32, and as a tree, this is 
+1.00E+00sum_       ~ +3.41E-07pow1      



 
> Fitting to procedural model -- expecting to generate ~687 naive models.
   Stage 0/3:          0 naive models generated,          0 models fit.

 
> For large_x_small_y.csv 


> Selected model is y = pow1(x) w/ 1 dof and where
  c0 =  +3.41E-07  Â±  9.95E-08

 
  This has ð›˜Â²/dof = 0.32, and as a tree, this is 
+1.00E+00sum_       ~ +3.41E-07pow1      


> Welcome to MIW's AutoFit!
  Directory is C:\Users\Matt\Documents\GitHub\MIW_AutoFit\autofit
Package directory is C:\Users\Matt\Documents\GitHub\MIW_AutoFit\autofit with MEIPASS=False
Data directory is C:\Users\Matt\Documents\GitHub\MIW_AutoFit\autofit/data
> Welcome to MIW's AutoFit!
  Directory is C:\Users\Matt\Documents\GitHub\MIW_AutoFit\autofit
Package directory is C:\Users\Matt\Documents\GitHub\MIW_AutoFit\autofit with MEIPASS=False
Data directory is C:\Users\Matt\Documents\GitHub\MIW_AutoFit\autofit/data

 
> Fitting to procedural model -- expecting to generate ~687 naive models.
   Stage 0/3:          0 naive models generated,          0 models fit.

 
> For large_x_small_y.csv 


>  Sigmoid fit is y = F + H/(1 + exp[-(x-x0)/w] ) with
   F  = +7.49E-03  Â±  5.05E-04
   H  = -9.87E-03  Â±  6.43E-04
   w  =  9.44E+01  Â±  4.48E+01
   x0 = +1.87E+03  Â±  5.15E+01
  Goodness of fit: ð›˜Â²/dof = 7.38


 
> Fitting to procedural model -- expecting to generate ~687 naive models.
   Stage 0/3:          0 naive models generated,          0 models fit.

 
> For large_x_small_y.csv 


>  Sigmoid fit is y = F + H/(1 + exp[-(x-x0)/w] ) with
   F  = +7.49E-03  Â±  5.05E-04
   H  = -9.87E-03  Â±  6.43E-04
   w  =  9.44E+01  Â±  4.48E+01
   x0 = +1.87E+03  Â±  5.15E+01
  Goodness of fit: ð›˜Â²/dof = 7.38


 
> Fitting to procedural model -- expecting to generate ~1604 naive models.
   Stage 0/3:          0 naive models generated,          0 models fit.

 
> For large_x_small_y.csv 


> Selected model is y = my_cos(pow1+pow0)(x) w/ 3 dof and where
  c0 =  +1.00E-02  Â±  4.07E-04
  c1 =  +1.55E-03  Â±  2.70E-05
  c2 =  -1.50E+00  Â±  7.73E-02

 
  This has ð›˜Â²/dof = 0.30, and as a tree, this is 
+1.00E+00sum_       ~ +1.00E-02my_cos     ~ +1.55E-03pow1      
                                          ~ -1.50E+00pow0      



 
> Fitting to procedural model -- expecting to generate ~39 naive models.
   Stage 0/3:          0 naive models generated,          0 models fit.

 
> For large_x_small_y.csv 


> Selected model is y = my_cos(pow1+pow0)(x) w/ 3 dof and where
  c0 =  +1.00E-02  Â±  4.07E-04
  c1 =  +1.55E-03  Â±  2.70E-05
  c2 =  -1.50E+00  Â±  7.73E-02

 
  This has ð›˜Â²/dof = 0.30, and as a tree, this is 
+1.00E+00sum_       ~ +1.00E-02my_cos     ~ +1.55E-03pow1      
                                          ~ -1.50E+00pow0      



 
> For large_x_small_y.csv 


> Selected model is y = my_cos(pow1)(x) w/ 2 dof and where
  c0 =  +8.08E-03  Â±  4.17E-04
  c1 =  +1.12E-03  Â±  1.55E-05

 
  This has ð›˜Â²/dof = 5.27, and as a tree, this is 
+1.00E+00sum_       ~ +8.08E-03my_cos     ~ +1.12E-03pow1      



 
> For large_x_small_y.csv 


> Selected model is y = my_cos(pow1+pow0)(x) w/ 3 dof and where
  c0 =  +1.00E-02  Â±  4.07E-04
  c1 =  +1.55E-03  Â±  2.70E-05
  c2 =  -1.50E+00  Â±  7.73E-02

 
  This has ð›˜Â²/dof = 0.30, and as a tree, this is 
+1.00E+00sum_       ~ +1.00E-02my_cos     ~ +1.55E-03pow1      
                                          ~ -1.50E+00pow0      


> Welcome to MIW's AutoFit!
  Directory is C:\Users\Matt\Documents\GitHub\MIW_AutoFit\autofit
Package directory is C:\Users\Matt\Documents\GitHub\MIW_AutoFit\autofit with MEIPASS=False
Data directory is C:\Users\Matt\Documents\GitHub\MIW_AutoFit\autofit/data
Changed printout colour to default, green.

 
> Fitting to procedural model -- expecting to generate ~39 naive models.
   Stage 0/3:          0 naive models generated,          0 models fit.

 
> For large_x_small_y.csv 


>  Sigmoid fit is y = F + H/(1 + exp[-(x-x0)/w] ) with
   F  = +7.49E-03  Â±  5.05E-04
   H  = -9.87E-03  Â±  6.43E-04
   w  =  9.44E+01  Â±  4.48E+01
   x0 = +1.87E+03  Â±  5.15E+01
  Goodness of fit: ð›˜Â²/dof = 7.38

> Welcome to MIW's AutoFit!
  Directory is C:\Users\Matt\Documents\GitHub\MIW_AutoFit\autofit
Package directory is C:\Users\Matt\Documents\GitHub\MIW_AutoFit\autofit with MEIPASS=False
Data directory is C:\Users\Matt\Documents\GitHub\MIW_AutoFit\autofit/data

 
> Fitting to procedural model -- expecting to generate ~39 naive models.
   Stage 0/3:          0 naive models generated,          0 models fit.
> Welcome to MIW's AutoFit!
  Directory is C:\Users\Matt\Documents\GitHub\MIW_AutoFit\autofit
Package directory is C:\Users\Matt\Documents\GitHub\MIW_AutoFit\autofit with MEIPASS=False
Data directory is C:\Users\Matt\Documents\GitHub\MIW_AutoFit\autofit/data

 
> Fitting to procedural model -- expecting to generate ~39 naive models.
   Stage 0/3:          0 naive models generated,          0 models fit.
> Welcome to MIW's AutoFit!
  Directory is C:\Users\Matt\Documents\GitHub\MIW_AutoFit\autofit
Package directory is C:\Users\Matt\Documents\GitHub\MIW_AutoFit\autofit with MEIPASS=False
Data directory is C:\Users\Matt\Documents\GitHub\MIW_AutoFit\autofit/data

 
> Fitting to procedural model -- expecting to generate ~39 naive models.
   Stage 0/3:          0 naive models generated,          0 models fit.
> Welcome to MIW's AutoFit!
  Directory is C:\Users\Matt\Documents\GitHub\MIW_AutoFit\autofit
Package directory is C:\Users\Matt\Documents\GitHub\MIW_AutoFit\autofit with MEIPASS=False
Data directory is C:\Users\Matt\Documents\GitHub\MIW_AutoFit\autofit/data

 
> Fitting to procedural model -- expecting to generate ~39 naive models.
   Stage 0/3:          0 naive models generated,          0 models fit.
> Welcome to MIW's AutoFit!
  Directory is C:\Users\Matt\Documents\GitHub\MIW_AutoFit\autofit
Package directory is C:\Users\Matt\Documents\GitHub\MIW_AutoFit\autofit with MEIPASS=False
Data directory is C:\Users\Matt\Documents\GitHub\MIW_AutoFit\autofit/data

 
> Fitting to procedural model -- expecting to generate ~39 naive models.
   Stage 0/3:          0 naive models generated,          0 models fit.
> Welcome to MIW's AutoFit!
  Directory is C:\Users\Matt\Documents\GitHub\MIW_AutoFit\autofit
Package directory is C:\Users\Matt\Documents\GitHub\MIW_AutoFit\autofit with MEIPASS=False
Data directory is C:\Users\Matt\Documents\GitHub\MIW_AutoFit\autofit/data

 
> Fitting to procedural model -- expecting to generate ~39 naive models.
   Stage 0/3:          0 naive models generated,          0 models fit.
> Welcome to MIW's AutoFit!
  Directory is C:\Users\Matt\Documents\GitHub\MIW_AutoFit\autofit
Package directory is C:\Users\Matt\Documents\GitHub\MIW_AutoFit\autofit with MEIPASS=False
Data directory is C:\Users\Matt\Documents\GitHub\MIW_AutoFit\autofit/data
> Welcome to MIW's AutoFit!
  Directory is C:\Users\Matt\Documents\GitHub\MIW_AutoFit\autofit
Package directory is C:\Users\Matt\Documents\GitHub\MIW_AutoFit\autofit with MEIPASS=False
Data directory is C:\Users\Matt\Documents\GitHub\MIW_AutoFit\autofit/data
> Welcome to MIW's AutoFit!
  Directory is C:\Users\Matt\Documents\GitHub\MIW_AutoFit\autofit
Package directory is C:\Users\Matt\Documents\GitHub\MIW_AutoFit\autofit with MEIPASS=False
Data directory is C:\Users\Matt\Documents\GitHub\MIW_AutoFit\autofit/data

 
> Fitting to procedural model -- expecting to generate ~39 naive models.
   Stage 0/3:          0 naive models generated,          0 models fit.

 
> For expsin.csv 


>  Gaussian fit is y = A exp[-(x-Î¼)Â²/2ÏƒÂ²] with
   A = +1.96E+01  Â±  2.23E-01
   Î¼ = +1.55E+01  Â±  4.92E-01
   Ïƒ =  2.09E+01  Â±  5.79E-01
  Goodness of fit: ð›˜Â²/dof = 3.33


 
> For large_x_small_y.csv 


>  Gaussian fit is y = A exp[-(x-Î¼)Â²/2ÏƒÂ²] with
   A = +1.12E-02  Â±  8.37E-04
   Î¼ = +9.61E+02  Â±  4.25E+01
   Ïƒ =  4.93E+02  Â±  4.40E+01
  Goodness of fit: ð›˜Â²/dof = 7.55


 
> Fitting to procedural model -- expecting to generate ~39 naive models.
   Stage 0/3:          0 naive models generated,          0 models fit.
> Welcome to MIW's AutoFit!
  Directory is C:\Users\Matt\Documents\GitHub\MIW_AutoFit\autofit
Package directory is C:\Users\Matt\Documents\GitHub\MIW_AutoFit\autofit with MEIPASS=False
Data directory is C:\Users\Matt\Documents\GitHub\MIW_AutoFit\autofit/data

 
> Fitting to procedural model -- expecting to generate ~39 naive models.
   Stage 0/3:          0 naive models generated,          0 models fit.
